<?xml version="1.0" encoding="UTF-8"?>
<coverage generated="1656617580525" clover="3.2.0">
  <project timestamp="1656617580526" name="All files">
    <metrics statements="18" coveredstatements="18" conditionals="0" coveredconditionals="0" methods="6" coveredmethods="6" elements="24" coveredelements="24" complexity="0" loc="18" ncloc="18" packages="1" files="2" classes="2"/>
    <file name="pokemonController.js" path="/home/renatocrds/Desktop/Cursos/Treinamento Pokedex/front-pokemon/bff/src/main/gateway/http/pokemonController.js">
      <metrics statements="11" coveredstatements="11" conditionals="0" coveredconditionals="0" methods="3" coveredmethods="3"/>
      <line num="1" count="1" type="stmt"/>
      <line num="3" count="1" type="stmt"/>
      <line num="5" count="1" type="stmt"/>
      <line num="7" count="3" type="stmt"/>
      <line num="8" count="3" type="stmt"/>
      <line num="10" count="3" type="stmt"/>
      <line num="14" count="6" type="stmt"/>
      <line num="15" count="6" type="stmt"/>
      <line num="17" count="3" type="stmt"/>
      <line num="19" count="6" type="stmt"/>
      <line num="23" count="1" type="stmt"/>
    </file>
    <file name="router.js" path="/home/renatocrds/Desktop/Cursos/Treinamento Pokedex/front-pokemon/bff/src/main/gateway/http/router.js">
      <metrics statements="7" coveredstatements="7" conditionals="0" coveredconditionals="0" methods="3" coveredmethods="3"/>
      <line num="1" count="1" type="stmt"/>
      <line num="3" count="1" type="stmt"/>
      <line num="4" count="2" type="stmt"/>
      <line num="5" count="1" type="stmt"/>
      <line num="8" count="2" type="stmt"/>
      <line num="9" count="1" type="stmt"/>
      <line num="12" count="2" type="stmt"/>
    </file>
  </project>
</coverage>
