TN:
SF:src/main/gateway/http/pokemonController.js
FN:6,(anonymous_0)
FN:13,(anonymous_1)
FN:16,(anonymous_2)
FNF:3
FNH:3
FNDA:3,(anonymous_0)
FNDA:6,(anonymous_1)
FNDA:3,(anonymous_2)
DA:1,1
DA:3,1
DA:5,1
DA:7,3
DA:8,3
DA:10,3
DA:14,6
DA:15,6
DA:17,3
DA:19,6
DA:23,1
LF:11
LH:11
BRF:0
BRH:0
end_of_record
TN:
SF:src/main/gateway/http/router.js
FN:3,(anonymous_0)
FN:4,(anonymous_1)
FN:8,(anonymous_2)
FNF:3
FNH:3
FNDA:2,(anonymous_0)
FNDA:1,(anonymous_1)
FNDA:1,(anonymous_2)
DA:1,1
DA:3,1
DA:4,2
DA:5,1
DA:8,2
DA:9,1
DA:12,2
LF:7
LH:7
BRF:0
BRH:0
end_of_record
