<?xml version="1.0" encoding="UTF-8"?>
<coverage generated="1657113150352" clover="3.2.0">
  <project timestamp="1657113150353" name="All files">
    <metrics statements="7" coveredstatements="7" conditionals="0" coveredconditionals="0" methods="5" coveredmethods="4" elements="12" coveredelements="11" complexity="0" loc="7" ncloc="7" packages="2" files="4" classes="4"/>
    <package name="components">
      <metrics statements="3" coveredstatements="3" conditionals="0" coveredconditionals="0" methods="3" coveredmethods="2"/>
      <file name="Pokedex.vue" path="/home/renatocrds/Desktop/Cursos/Treinamento Pokedex/front-pokemon/client/src/components/Pokedex.vue">
        <metrics statements="1" coveredstatements="1" conditionals="0" coveredconditionals="0" methods="1" coveredmethods="1"/>
        <line num="1" count="51" type="stmt"/>
      </file>
      <file name="Pokemon.vue" path="/home/renatocrds/Desktop/Cursos/Treinamento Pokedex/front-pokemon/client/src/components/Pokemon.vue">
        <metrics statements="1" coveredstatements="1" conditionals="0" coveredconditionals="0" methods="1" coveredmethods="1"/>
        <line num="1" count="9" type="stmt"/>
      </file>
      <file name="PokemonModal.vue" path="/home/renatocrds/Desktop/Cursos/Treinamento Pokedex/front-pokemon/client/src/components/PokemonModal.vue">
        <metrics statements="1" coveredstatements="1" conditionals="0" coveredconditionals="0" methods="1" coveredmethods="0"/>
        <line num="1" count="6" type="stmt"/>
      </file>
    </package>
    <package name="gateways">
      <metrics statements="4" coveredstatements="4" conditionals="0" coveredconditionals="0" methods="2" coveredmethods="2"/>
      <file name="pokemon.api.js" path="/home/renatocrds/Desktop/Cursos/Treinamento Pokedex/front-pokemon/client/src/gateways/pokemon.api.js">
        <metrics statements="4" coveredstatements="4" conditionals="0" coveredconditionals="0" methods="2" coveredmethods="2"/>
        <line num="3" count="1" type="stmt"/>
        <line num="5" count="1" type="stmt"/>
        <line num="7" count="1" type="stmt"/>
        <line num="10" count="1" type="stmt"/>
      </file>
    </package>
  </project>
</coverage>
