<?xml version="1.0" encoding="UTF-8"?>
<coverage generated="1657127513440" clover="3.2.0">
  <project timestamp="1657127513440" name="All files">
    <metrics statements="11" coveredstatements="11" conditionals="0" coveredconditionals="0" methods="9" coveredmethods="4" elements="20" coveredelements="15" complexity="0" loc="11" ncloc="11" packages="3" files="8" classes="8"/>
    <package name="components">
      <metrics statements="4" coveredstatements="4" conditionals="0" coveredconditionals="0" methods="4" coveredmethods="2"/>
      <file name="Pokedex.vue" path="/home/renatocrds/Desktop/Cursos/Treinamento Pokedex/front-pokemon/client/src/components/Pokedex.vue">
        <metrics statements="1" coveredstatements="1" conditionals="0" coveredconditionals="0" methods="1" coveredmethods="1"/>
        <line num="1" count="40" type="stmt"/>
      </file>
      <file name="Pokemon.vue" path="/home/renatocrds/Desktop/Cursos/Treinamento Pokedex/front-pokemon/client/src/components/Pokemon.vue">
        <metrics statements="1" coveredstatements="1" conditionals="0" coveredconditionals="0" methods="1" coveredmethods="1"/>
        <line num="1" count="12" type="stmt"/>
      </file>
      <file name="PokemonModal.vue" path="/home/renatocrds/Desktop/Cursos/Treinamento Pokedex/front-pokemon/client/src/components/PokemonModal.vue">
        <metrics statements="1" coveredstatements="1" conditionals="0" coveredconditionals="0" methods="1" coveredmethods="0"/>
        <line num="1" count="15" type="stmt"/>
      </file>
      <file name="SearchBar.vue" path="/home/renatocrds/Desktop/Cursos/Treinamento Pokedex/front-pokemon/client/src/components/SearchBar.vue">
        <metrics statements="1" coveredstatements="1" conditionals="0" coveredconditionals="0" methods="1" coveredmethods="0"/>
        <line num="1" count="9" type="stmt"/>
      </file>
    </package>
    <package name="gateways">
      <metrics statements="4" coveredstatements="4" conditionals="0" coveredconditionals="0" methods="2" coveredmethods="2"/>
      <file name="pokemon.api.js" path="/home/renatocrds/Desktop/Cursos/Treinamento Pokedex/front-pokemon/client/src/gateways/pokemon.api.js">
        <metrics statements="4" coveredstatements="4" conditionals="0" coveredconditionals="0" methods="2" coveredmethods="2"/>
        <line num="3" count="3" type="stmt"/>
        <line num="5" count="3" type="stmt"/>
        <line num="7" count="1" type="stmt"/>
        <line num="10" count="1" type="stmt"/>
      </file>
    </package>
    <package name="views">
      <metrics statements="3" coveredstatements="3" conditionals="0" coveredconditionals="0" methods="3" coveredmethods="0"/>
      <file name="AppView.vue" path="/home/renatocrds/Desktop/Cursos/Treinamento Pokedex/front-pokemon/client/src/views/AppView.vue">
        <metrics statements="1" coveredstatements="1" conditionals="0" coveredconditionals="0" methods="1" coveredmethods="0"/>
        <line num="1" count="9" type="stmt"/>
      </file>
      <file name="PokedexView.vue" path="/home/renatocrds/Desktop/Cursos/Treinamento Pokedex/front-pokemon/client/src/views/PokedexView.vue">
        <metrics statements="1" coveredstatements="1" conditionals="0" coveredconditionals="0" methods="1" coveredmethods="0"/>
        <line num="1" count="3" type="stmt"/>
      </file>
      <file name="PokemonView.vue" path="/home/renatocrds/Desktop/Cursos/Treinamento Pokedex/front-pokemon/client/src/views/PokemonView.vue">
        <metrics statements="1" coveredstatements="1" conditionals="0" coveredconditionals="0" methods="1" coveredmethods="0"/>
        <line num="1" count="3" type="stmt"/>
      </file>
    </package>
  </project>
</coverage>
