{"/home/renatocrds/Desktop/Cursos/Treinamento Pokedex/front-pokemon/client/src/components/Pokedex.vue": {"path":"/home/renatocrds/Desktop/Cursos/Treinamento Pokedex/front-pokemon/client/src/components/Pokedex.vue","statementMap":{"0":{"start":{"line":1,"column":0},"end":{"line":1,"column":null}}},"fnMap":{"0":{"name":"(anonymous_0)","decl":{"start":{"line":1,"column":0},"end":{"line":1,"column":null}},"loc":{"start":{"line":1,"column":0},"end":{"line":1,"column":null}}}},"branchMap":{},"s":{"0":51},"f":{"0":32},"b":{}}
,"/home/renatocrds/Desktop/Cursos/Treinamento Pokedex/front-pokemon/client/src/components/Pokemon.vue": {"path":"/home/renatocrds/Desktop/Cursos/Treinamento Pokedex/front-pokemon/client/src/components/Pokemon.vue","statementMap":{"0":{"start":{"line":1,"column":0},"end":{"line":1,"column":null}}},"fnMap":{"0":{"name":"(anonymous_0)","decl":{"start":{"line":1,"column":0},"end":{"line":1,"column":null}},"loc":{"start":{"line":1,"column":0},"end":{"line":1,"column":null}}}},"branchMap":{},"s":{"0":9},"f":{"0":2},"b":{}}
,"/home/renatocrds/Desktop/Cursos/Treinamento Pokedex/front-pokemon/client/src/components/PokemonModal.vue": {"path":"/home/renatocrds/Desktop/Cursos/Treinamento Pokedex/front-pokemon/client/src/components/PokemonModal.vue","statementMap":{"0":{"start":{"line":1,"column":0},"end":{"line":1,"column":null}}},"fnMap":{"0":{"name":"(anonymous_0)","decl":{"start":{"line":1,"column":0},"end":{"line":1,"column":null}},"loc":{"start":{"line":1,"column":0},"end":{"line":1,"column":null}}}},"branchMap":{},"s":{"0":6},"f":{"0":0},"b":{}}
,"/home/renatocrds/Desktop/Cursos/Treinamento Pokedex/front-pokemon/client/src/gateways/pokemon.api.js": {"path":"/home/renatocrds/Desktop/Cursos/Treinamento Pokedex/front-pokemon/client/src/gateways/pokemon.api.js","statementMap":{"0":{"start":{"line":3,"column":12},"end":{"line":3,"column":48}},"1":{"start":{"line":5,"column":19},"end":{"line":12,"column":1}},"2":{"start":{"line":7,"column":8},"end":{"line":7,"column":43}},"3":{"start":{"line":10,"column":8},"end":{"line":10,"column":46}}},"fnMap":{"0":{"name":"(anonymous_0)","decl":{"start":{"line":6,"column":4},"end":{"line":6,"column":5}},"loc":{"start":{"line":6,"column":27},"end":{"line":8,"column":5}},"line":6},"1":{"name":"(anonymous_1)","decl":{"start":{"line":9,"column":4},"end":{"line":9,"column":5}},"loc":{"start":{"line":9,"column":34},"end":{"line":11,"column":5}},"line":9}},"branchMap":{},"s":{"0":1,"1":1,"2":1,"3":1},"f":{"0":1,"1":1},"b":{},"_coverageSchema":"1a1c01bbd47fc00a2c39e90264f33305004495a9","hash":"b10cc94fd1567a80fc7f73e7a10471651cf2192f"}
}
