{"/home/renatocrds/Desktop/Cursos/Treinamento Pokedex/front-pokemon/client/src/components/Pokedex.vue": {"path":"/home/renatocrds/Desktop/Cursos/Treinamento Pokedex/front-pokemon/client/src/components/Pokedex.vue","statementMap":{"0":{"start":{"line":1,"column":0},"end":{"line":1,"column":null}}},"fnMap":{"0":{"name":"(anonymous_0)","decl":{"start":{"line":1,"column":0},"end":{"line":1,"column":null}},"loc":{"start":{"line":1,"column":0},"end":{"line":1,"column":null}}}},"branchMap":{},"s":{"0":40},"f":{"0":26},"b":{}}
,"/home/renatocrds/Desktop/Cursos/Treinamento Pokedex/front-pokemon/client/src/components/Pokemon.vue": {"path":"/home/renatocrds/Desktop/Cursos/Treinamento Pokedex/front-pokemon/client/src/components/Pokemon.vue","statementMap":{"0":{"start":{"line":1,"column":0},"end":{"line":1,"column":null}}},"fnMap":{"0":{"name":"(anonymous_0)","decl":{"start":{"line":1,"column":0},"end":{"line":1,"column":null}},"loc":{"start":{"line":1,"column":0},"end":{"line":1,"column":null}}}},"branchMap":{},"s":{"0":12},"f":{"0":2},"b":{}}
,"/home/renatocrds/Desktop/Cursos/Treinamento Pokedex/front-pokemon/client/src/components/PokemonModal.vue": {"path":"/home/renatocrds/Desktop/Cursos/Treinamento Pokedex/front-pokemon/client/src/components/PokemonModal.vue","statementMap":{"0":{"start":{"line":1,"column":0},"end":{"line":1,"column":null}}},"fnMap":{"0":{"name":"(anonymous_0)","decl":{"start":{"line":1,"column":0},"end":{"line":1,"column":null}},"loc":{"start":{"line":1,"column":0},"end":{"line":1,"column":null}}}},"branchMap":{},"s":{"0":15},"f":{"0":0},"b":{}}
,"/home/renatocrds/Desktop/Cursos/Treinamento Pokedex/front-pokemon/client/src/components/SearchBar.vue": {"path":"/home/renatocrds/Desktop/Cursos/Treinamento Pokedex/front-pokemon/client/src/components/SearchBar.vue","statementMap":{"0":{"start":{"line":1,"column":0},"end":{"line":1,"column":null}}},"fnMap":{"0":{"name":"(anonymous_0)","decl":{"start":{"line":1,"column":0},"end":{"line":1,"column":null}},"loc":{"start":{"line":1,"column":0},"end":{"line":1,"column":null}}}},"branchMap":{},"s":{"0":9},"f":{"0":0},"b":{}}
,"/home/renatocrds/Desktop/Cursos/Treinamento Pokedex/front-pokemon/client/src/gateways/pokemon.api.js": {"path":"/home/renatocrds/Desktop/Cursos/Treinamento Pokedex/front-pokemon/client/src/gateways/pokemon.api.js","statementMap":{"0":{"start":{"line":3,"column":12},"end":{"line":3,"column":48}},"1":{"start":{"line":5,"column":19},"end":{"line":12,"column":1}},"2":{"start":{"line":7,"column":4},"end":{"line":7,"column":40}},"3":{"start":{"line":10,"column":4},"end":{"line":10,"column":43}}},"fnMap":{"0":{"name":"(anonymous_0)","decl":{"start":{"line":6,"column":2},"end":{"line":6,"column":3}},"loc":{"start":{"line":6,"column":25},"end":{"line":8,"column":3}},"line":6},"1":{"name":"(anonymous_1)","decl":{"start":{"line":9,"column":2},"end":{"line":9,"column":3}},"loc":{"start":{"line":9,"column":32},"end":{"line":11,"column":3}},"line":9}},"branchMap":{},"s":{"0":3,"1":3,"2":1,"3":1},"f":{"0":1,"1":1},"b":{},"_coverageSchema":"1a1c01bbd47fc00a2c39e90264f33305004495a9","hash":"a79b1c5e91a4cf851257e0935adbbd37de02c6b5"}
,"/home/renatocrds/Desktop/Cursos/Treinamento Pokedex/front-pokemon/client/src/views/AppView.vue": {"path":"/home/renatocrds/Desktop/Cursos/Treinamento Pokedex/front-pokemon/client/src/views/AppView.vue","statementMap":{"0":{"start":{"line":1,"column":0},"end":{"line":1,"column":null}}},"fnMap":{"0":{"name":"(anonymous_0)","decl":{"start":{"line":1,"column":0},"end":{"line":1,"column":null}},"loc":{"start":{"line":1,"column":0},"end":{"line":1,"column":null}}}},"branchMap":{},"s":{"0":9},"f":{"0":0},"b":{}}
,"/home/renatocrds/Desktop/Cursos/Treinamento Pokedex/front-pokemon/client/src/views/PokedexView.vue": {"path":"/home/renatocrds/Desktop/Cursos/Treinamento Pokedex/front-pokemon/client/src/views/PokedexView.vue","statementMap":{"0":{"start":{"line":1,"column":0},"end":{"line":1,"column":null}}},"fnMap":{"0":{"name":"(anonymous_0)","decl":{"start":{"line":1,"column":0},"end":{"line":1,"column":null}},"loc":{"start":{"line":1,"column":0},"end":{"line":1,"column":null}}}},"branchMap":{},"s":{"0":3},"f":{"0":0},"b":{}}
,"/home/renatocrds/Desktop/Cursos/Treinamento Pokedex/front-pokemon/client/src/views/PokemonView.vue": {"path":"/home/renatocrds/Desktop/Cursos/Treinamento Pokedex/front-pokemon/client/src/views/PokemonView.vue","statementMap":{"0":{"start":{"line":1,"column":0},"end":{"line":1,"column":null}}},"fnMap":{"0":{"name":"(anonymous_0)","decl":{"start":{"line":1,"column":0},"end":{"line":1,"column":null}},"loc":{"start":{"line":1,"column":0},"end":{"line":1,"column":null}}}},"branchMap":{},"s":{"0":3},"f":{"0":0},"b":{}}
}
